c:\study\programmers\x64\debug\vc142.pdb
c:\study\programmers\x64\debug\vc142.idb
c:\study\programmers\x64\debug\행렬 더하기cpp.obj
c:\study\programmers\x64\debug\핸드폰 번호 가리기.obj
c:\study\programmers\x64\debug\하샤드수.obj
c:\study\programmers\x64\debug\평균 구하기.obj
c:\study\programmers\x64\debug\콜라츠의 추측.obj
c:\study\programmers\x64\debug\최소 공배수 최대 공약수.obj
c:\study\programmers\x64\debug\짝수와 홀수.obj
c:\study\programmers\x64\debug\x만큼 간격이 있는 n개의 숫.obj
c:\study\programmers\x64\debug\직사각형 별찍기.obj
c:\study\programmers\x64\debug\제일 작은 수 제거하기.obj
c:\study\programmers\x64\debug\정수 제곱근 판별.obj
c:\study\programmers\x64\debug\없는 숫자 더하기.obj
c:\study\programmers\x64\debug\내적.obj
c:\study\programmers\x64\debug\정수 내림차순으로 배치하기.obj
c:\study\programmers\x64\debug\highlow.obj
c:\study\programmers\x64\debug\문자열을 정수로 바꾸기.obj
c:\study\programmers\x64\debug\수박수박수박수박수박수.obj
c:\study\programmers\x64\debug\정수 내림차순으로 배열하기.obj
c:\study\programmers\x64\debug\자릿수 더하기.obj
c:\study\programmers\x64\debug\이상한 문자 만들기.obj
c:\study\programmers\x64\debug\약수의 합.obj
c:\study\programmers\x64\debug\시저 암호.obj
c:\study\programmers\x64\debug\소수찾기.obj
c:\study\programmers\x64\debug\문자열 다루기 기본.obj
c:\study\programmers\x64\debug\문자열 내 마음대로 정렬하기.obj
c:\study\programmers\x64\debug\문자열 내 p와 y의 개수.obj
c:\study\programmers\x64\debug\가운데 글자 가져오기.obj
c:\study\programmers\x64\debug\나머지가 1이 되는 수 찾기.obj
c:\study\programmers\x64\debug\두 정수 사이의 합.obj
c:\study\programmers\x64\debug\나누어 떨어지는 숫자 배열.obj
c:\study\programmers\x64\debug\같은 숫자는 싫어.obj
c:\study\programmers\x64\debug\2016년.obj
c:\study\programmers\x64\debug\두개 뽑아서 더하기.obj
c:\study\programmers\x64\debug\예산.obj
c:\study\programmers\x64\debug\숫자 문자열과 영단어.obj
c:\study\programmers\x64\debug\project1.exe
c:\study\programmers\x64\debug\project1.ilk
c:\study\programmers\x64\debug\project1.pdb
c:\study\programmers\x64\debug\소수 찾기.obj
c:\study\programmers\x64\debug\2016년.obj.enc
c:\study\programmers\x64\debug\두개 뽑아서 더하기.obj.enc
c:\study\programmers\x64\debug\문자열을 정수로 바꾸기.obj.enc
c:\study\programmers\x64\debug\소수찾기.obj.enc
c:\study\programmers\x64\debug\수박수박수박수박수박수.obj.enc
c:\study\programmers\x64\debug\숫자 문자열과 영단어.obj.enc
c:\study\programmers\x64\debug\예산.obj.enc
c:\study\programmers\x64\debug\정수 내림차순으로 배치하기.obj.enc
c:\study\programmers\x64\debug\project1.tlog\cl.command.1.tlog
c:\study\programmers\x64\debug\project1.tlog\cl.read.1.tlog
c:\study\programmers\x64\debug\project1.tlog\cl.write.1.tlog
c:\study\programmers\x64\debug\project1.tlog\link.command.1.tlog
c:\study\programmers\x64\debug\project1.tlog\link.read.1.tlog
c:\study\programmers\x64\debug\project1.tlog\link.write.1.tlog
